Analysis & Synthesis report for MIC1
Mon Oct 20 10:06:15 2025
Quartus II 64-Bit Version 13.0.1 Build 232 06/12/2013 Service Pack 1 SJ Web Edition


---------------------
; Table of Contents ;
---------------------
  1. Legal Notice
  2. Analysis & Synthesis Summary
  3. Analysis & Synthesis Settings
  4. Parallel Compilation
  5. Analysis & Synthesis Messages



----------------
; Legal Notice ;
----------------
Copyright (C) 1991-2013 Altera Corporation
Your use of Altera Corporation's design tools, logic functions 
and other software and tools, and its AMPP partner logic 
functions, and any output files from any of the foregoing 
(including device programming or simulation files), and any 
associated documentation or information are expressly subject 
to the terms and conditions of the Altera Program License 
Subscription Agreement, Altera MegaCore Function License 
Agreement, or other applicable license agreement, including, 
without limitation, that your use is for the sole purpose of 
programming logic devices manufactured by Altera and sold by 
Altera or its authorized distributors.  Please refer to the 
applicable agreement for further details.



+--------------------------------------------------------------------------------------+
; Analysis & Synthesis Summary                                                         ;
+------------------------------------+-------------------------------------------------+
; Analysis & Synthesis Status        ; Failed - Mon Oct 20 10:06:15 2025               ;
; Quartus II 64-Bit Version          ; 13.0.1 Build 232 06/12/2013 SP 1 SJ Web Edition ;
; Revision Name                      ; MIC1                                            ;
; Top-level Entity Name              ; SHIFTER                                         ;
; Family                             ; Cyclone II                                      ;
; Total logic elements               ; N/A until Partition Merge                       ;
;     Total combinational functions  ; N/A until Partition Merge                       ;
;     Dedicated logic registers      ; N/A until Partition Merge                       ;
; Total registers                    ; N/A until Partition Merge                       ;
; Total pins                         ; N/A until Partition Merge                       ;
; Total virtual pins                 ; N/A until Partition Merge                       ;
; Total memory bits                  ; N/A until Partition Merge                       ;
; Embedded Multiplier 9-bit elements ; N/A until Partition Merge                       ;
; Total PLLs                         ; N/A until Partition Merge                       ;
+------------------------------------+-------------------------------------------------+


+----------------------------------------------------------------------------------------------------------------------+
; Analysis & Synthesis Settings                                                                                        ;
+----------------------------------------------------------------------------+--------------------+--------------------+
; Option                                                                     ; Setting            ; Default Value      ;
+----------------------------------------------------------------------------+--------------------+--------------------+
; Top-level entity name                                                      ; SHIFTER            ; MIC1               ;
; Family name                                                                ; Cyclone II         ; Cyclone IV GX      ;
; Use smart compilation                                                      ; Off                ; Off                ;
; Enable parallel Assembler and TimeQuest Timing Analyzer during compilation ; On                 ; On                 ;
; Enable compact report table                                                ; Off                ; Off                ;
; Restructure Multiplexers                                                   ; Auto               ; Auto               ;
; Create Debugging Nodes for IP Cores                                        ; Off                ; Off                ;
; Preserve fewer node names                                                  ; On                 ; On                 ;
; Disable OpenCore Plus hardware evaluation                                  ; Off                ; Off                ;
; Verilog Version                                                            ; Verilog_2001       ; Verilog_2001       ;
; VHDL Version                                                               ; VHDL_1993          ; VHDL_1993          ;
; State Machine Processing                                                   ; Auto               ; Auto               ;
; Safe State Machine                                                         ; Off                ; Off                ;
; Extract Verilog State Machines                                             ; On                 ; On                 ;
; Extract VHDL State Machines                                                ; On                 ; On                 ;
; Ignore Verilog initial constructs                                          ; Off                ; Off                ;
; Iteration limit for constant Verilog loops                                 ; 5000               ; 5000               ;
; Iteration limit for non-constant Verilog loops                             ; 250                ; 250                ;
; Add Pass-Through Logic to Inferred RAMs                                    ; On                 ; On                 ;
; Infer RAMs from Raw Logic                                                  ; On                 ; On                 ;
; Parallel Synthesis                                                         ; On                 ; On                 ;
; DSP Block Balancing                                                        ; Auto               ; Auto               ;
; NOT Gate Push-Back                                                         ; On                 ; On                 ;
; Power-Up Don't Care                                                        ; On                 ; On                 ;
; Remove Redundant Logic Cells                                               ; Off                ; Off                ;
; Remove Duplicate Registers                                                 ; On                 ; On                 ;
; Ignore CARRY Buffers                                                       ; Off                ; Off                ;
; Ignore CASCADE Buffers                                                     ; Off                ; Off                ;
; Ignore GLOBAL Buffers                                                      ; Off                ; Off                ;
; Ignore ROW GLOBAL Buffers                                                  ; Off                ; Off                ;
; Ignore LCELL Buffers                                                       ; Off                ; Off                ;
; Ignore SOFT Buffers                                                        ; On                 ; On                 ;
; Limit AHDL Integers to 32 Bits                                             ; Off                ; Off                ;
; Optimization Technique                                                     ; Balanced           ; Balanced           ;
; Carry Chain Length                                                         ; 70                 ; 70                 ;
; Auto Carry Chains                                                          ; On                 ; On                 ;
; Auto Open-Drain Pins                                                       ; On                 ; On                 ;
; Perform WYSIWYG Primitive Resynthesis                                      ; Off                ; Off                ;
; Auto ROM Replacement                                                       ; On                 ; On                 ;
; Auto RAM Replacement                                                       ; On                 ; On                 ;
; Auto Shift Register Replacement                                            ; Auto               ; Auto               ;
; Allow Shift Register Merging across Hierarchies                            ; Auto               ; Auto               ;
; Auto Clock Enable Replacement                                              ; On                 ; On                 ;
; Strict RAM Replacement                                                     ; Off                ; Off                ;
; Allow Synchronous Control Signals                                          ; On                 ; On                 ;
; Force Use of Synchronous Clear Signals                                     ; Off                ; Off                ;
; Auto RAM to Logic Cell Conversion                                          ; Off                ; Off                ;
; Auto Resource Sharing                                                      ; Off                ; Off                ;
; Allow Any RAM Size For Recognition                                         ; Off                ; Off                ;
; Allow Any ROM Size For Recognition                                         ; Off                ; Off                ;
; Allow Any Shift Register Size For Recognition                              ; Off                ; Off                ;
; Use LogicLock Constraints during Resource Balancing                        ; On                 ; On                 ;
; Ignore translate_off and synthesis_off directives                          ; Off                ; Off                ;
; Timing-Driven Synthesis                                                    ; Off                ; Off                ;
; Report Parameter Settings                                                  ; On                 ; On                 ;
; Report Source Assignments                                                  ; On                 ; On                 ;
; Report Connectivity Checks                                                 ; On                 ; On                 ;
; Ignore Maximum Fan-Out Assignments                                         ; Off                ; Off                ;
; Synchronization Register Chain Length                                      ; 2                  ; 2                  ;
; PowerPlay Power Optimization                                               ; Normal compilation ; Normal compilation ;
; HDL message level                                                          ; Level2             ; Level2             ;
; Suppress Register Optimization Related Messages                            ; Off                ; Off                ;
; Number of Removed Registers Reported in Synthesis Report                   ; 5000               ; 5000               ;
; Number of Swept Nodes Reported in Synthesis Report                         ; 5000               ; 5000               ;
; Number of Inverted Registers Reported in Synthesis Report                  ; 100                ; 100                ;
; Clock MUX Protection                                                       ; On                 ; On                 ;
; Auto Gated Clock Conversion                                                ; Off                ; Off                ;
; Block Design Naming                                                        ; Auto               ; Auto               ;
; SDC constraint protection                                                  ; Off                ; Off                ;
; Synthesis Effort                                                           ; Auto               ; Auto               ;
; Shift Register Replacement - Allow Asynchronous Clear Signal               ; On                 ; On                 ;
; Pre-Mapping Resynthesis Optimization                                       ; Off                ; Off                ;
; Analysis & Synthesis Message Level                                         ; Medium             ; Medium             ;
; Disable Register Merging Across Hierarchies                                ; Auto               ; Auto               ;
; Resource Aware Inference For Block RAM                                     ; On                 ; On                 ;
; Synthesis Seed                                                             ; 1                  ; 1                  ;
+----------------------------------------------------------------------------+--------------------+--------------------+


Parallel compilation was disabled, but you have multiple processors available. Enable parallel compilation to reduce compilation time.
+-------------------------------------+
; Parallel Compilation                ;
+----------------------------+--------+
; Processors                 ; Number ;
+----------------------------+--------+
; Number detected on machine ; 12     ;
; Maximum allowed            ; 1      ;
+----------------------------+--------+


+-------------------------------+
; Analysis & Synthesis Messages ;
+-------------------------------+
Info: *******************************************************************
Info: Running Quartus II 64-Bit Analysis & Synthesis
    Info: Version 13.0.1 Build 232 06/12/2013 Service Pack 1 SJ Web Edition
    Info: Processing started: Mon Oct 20 10:06:14 2025
Info: Command: quartus_map --read_settings_files=on --write_settings_files=off MIC1 -c MIC1
Warning (20028): Parallel compilation is not licensed and has been disabled
Info (12021): Found 1 design units, including 1 entities, in source file register_32bit.bdf
    Info (12023): Found entity 1: Register_32bit
Info (12021): Found 1 design units, including 1 entities, in source file full_adder_1bit.bdf
    Info (12023): Found entity 1: FULL_ADDER_1bit
Info (12021): Found 1 design units, including 1 entities, in source file decoder_2x4.bdf
    Info (12023): Found entity 1: DECODER_2x4
Info (12021): Found 1 design units, including 1 entities, in source file ula_1bit.bdf
    Info (12023): Found entity 1: ULA_1bit
Info (12021): Found 1 design units, including 1 entities, in source file ula_8bit.bdf
    Info (12023): Found entity 1: ULA_8bit
Info (12021): Found 1 design units, including 1 entities, in source file ula_32bit.bdf
    Info (12023): Found entity 1: ULA_32bit
Info (12021): Found 1 design units, including 1 entities, in source file shifter.bdf
    Info (12023): Found entity 1: SHIFTER
Info (12021): Found 1 design units, including 1 entities, in source file register_8bit.bdf
    Info (12023): Found entity 1: REGISTER_8bit
Info (12021): Found 1 design units, including 1 entities, in source file mpc_generator.bdf
    Info (12023): Found entity 1: MPC_GENERATOR
Info (12021): Found 2 design units, including 1 entities, in source file control_store.vhd
    Info (12022): Found design unit 1: control_store-SYN
    Info (12023): Found entity 1: CONTROL_STORE
Info (12021): Found 1 design units, including 1 entities, in source file control_unit.bdf
    Info (12023): Found entity 1: CONTROL_UNIT
Info (12021): Found 1 design units, including 1 entities, in source file sll8.bdf
    Info (12023): Found entity 1: SLL8
Info (12021): Found 1 design units, including 1 entities, in source file sra1.bdf
    Info (12023): Found entity 1: SRA1
Info (12127): Elaborating entity "SHIFTER" for the top level hierarchy
Info (12128): Elaborating entity "SRA1" for hierarchy "SRA1:inst9"
Info (12128): Elaborating entity "DECODER_2x4" for hierarchy "DECODER_2x4:inst1"
Info (12128): Elaborating entity "SLL8" for hierarchy "SLL8:inst5"
Error (12002): Port "INPUT[0]" does not exist in macrofunction "inst5"
Error (12002): Port "INPUT[10]" does not exist in macrofunction "inst5"
Error (12002): Port "INPUT[11]" does not exist in macrofunction "inst5"
Error (12002): Port "INPUT[12]" does not exist in macrofunction "inst5"
Error (12002): Port "INPUT[13]" does not exist in macrofunction "inst5"
Error (12002): Port "INPUT[14]" does not exist in macrofunction "inst5"
Error (12002): Port "INPUT[15]" does not exist in macrofunction "inst5"
Error (12002): Port "INPUT[16]" does not exist in macrofunction "inst5"
Error (12002): Port "INPUT[17]" does not exist in macrofunction "inst5"
Error (12002): Port "INPUT[18]" does not exist in macrofunction "inst5"
Error (12002): Port "INPUT[19]" does not exist in macrofunction "inst5"
Error (12002): Port "INPUT[1]" does not exist in macrofunction "inst5"
Error (12002): Port "INPUT[20]" does not exist in macrofunction "inst5"
Error (12002): Port "INPUT[21]" does not exist in macrofunction "inst5"
Error (12002): Port "INPUT[22]" does not exist in macrofunction "inst5"
Error (12002): Port "INPUT[23]" does not exist in macrofunction "inst5"
Error (12002): Port "INPUT[24]" does not exist in macrofunction "inst5"
Error (12002): Port "INPUT[25]" does not exist in macrofunction "inst5"
Error (12002): Port "INPUT[26]" does not exist in macrofunction "inst5"
Error (12002): Port "INPUT[27]" does not exist in macrofunction "inst5"
Error (12002): Port "INPUT[28]" does not exist in macrofunction "inst5"
Error (12002): Port "INPUT[29]" does not exist in macrofunction "inst5"
Error (12002): Port "INPUT[2]" does not exist in macrofunction "inst5"
Error (12002): Port "INPUT[30]" does not exist in macrofunction "inst5"
Error (12002): Port "INPUT[31]" does not exist in macrofunction "inst5"
Error (12002): Port "INPUT[3]" does not exist in macrofunction "inst5"
Error (12002): Port "INPUT[4]" does not exist in macrofunction "inst5"
Error (12002): Port "INPUT[5]" does not exist in macrofunction "inst5"
Error (12002): Port "INPUT[6]" does not exist in macrofunction "inst5"
Error (12002): Port "INPUT[7]" does not exist in macrofunction "inst5"
Error (12002): Port "INPUT[8]" does not exist in macrofunction "inst5"
Error (12002): Port "INPUT[9]" does not exist in macrofunction "inst5"
Error (12002): Port "OUTPUT[0]" does not exist in macrofunction "inst5"
Error (12002): Port "OUTPUT[10]" does not exist in macrofunction "inst5"
Error (12002): Port "OUTPUT[11]" does not exist in macrofunction "inst5"
Error (12002): Port "OUTPUT[12]" does not exist in macrofunction "inst5"
Error (12002): Port "OUTPUT[13]" does not exist in macrofunction "inst5"
Error (12002): Port "OUTPUT[14]" does not exist in macrofunction "inst5"
Error (12002): Port "OUTPUT[15]" does not exist in macrofunction "inst5"
Error (12002): Port "OUTPUT[16]" does not exist in macrofunction "inst5"
Error (12002): Port "OUTPUT[17]" does not exist in macrofunction "inst5"
Error (12002): Port "OUTPUT[18]" does not exist in macrofunction "inst5"
Error (12002): Port "OUTPUT[19]" does not exist in macrofunction "inst5"
Error (12002): Port "OUTPUT[1]" does not exist in macrofunction "inst5"
Error (12002): Port "OUTPUT[20]" does not exist in macrofunction "inst5"
Error (12002): Port "OUTPUT[21]" does not exist in macrofunction "inst5"
Error (12002): Port "OUTPUT[22]" does not exist in macrofunction "inst5"
Error (12002): Port "OUTPUT[23]" does not exist in macrofunction "inst5"
Error (12002): Port "OUTPUT[24]" does not exist in macrofunction "inst5"
Error (12002): Port "OUTPUT[25]" does not exist in macrofunction "inst5"
Error (12002): Port "OUTPUT[26]" does not exist in macrofunction "inst5"
Error (12002): Port "OUTPUT[27]" does not exist in macrofunction "inst5"
Error (12002): Port "OUTPUT[28]" does not exist in macrofunction "inst5"
Error (12002): Port "OUTPUT[29]" does not exist in macrofunction "inst5"
Error (12002): Port "OUTPUT[2]" does not exist in macrofunction "inst5"
Error (12002): Port "OUTPUT[30]" does not exist in macrofunction "inst5"
Error (12002): Port "OUTPUT[31]" does not exist in macrofunction "inst5"
Error (12002): Port "OUTPUT[3]" does not exist in macrofunction "inst5"
Error (12002): Port "OUTPUT[4]" does not exist in macrofunction "inst5"
Error (12002): Port "OUTPUT[5]" does not exist in macrofunction "inst5"
Error (12002): Port "OUTPUT[6]" does not exist in macrofunction "inst5"
Error (12002): Port "OUTPUT[7]" does not exist in macrofunction "inst5"
Error (12002): Port "OUTPUT[8]" does not exist in macrofunction "inst5"
Error (12002): Port "OUTPUT[9]" does not exist in macrofunction "inst5"
Error: Quartus II 64-Bit Analysis & Synthesis was unsuccessful. 64 errors, 1 warning
    Error: Peak virtual memory: 4634 megabytes
    Error: Processing ended: Mon Oct 20 10:06:15 2025
    Error: Elapsed time: 00:00:01
    Error: Total CPU time (on all processors): 00:00:01


